Build started 01/08/2015 01:34:55.
     1>Project "D:\My Documents\Visual Studio 2013\Projects\BlazingDB\BlazingDB\BlazingDB.vcxproj" on node 2 (Build target(s)).
     1>AddCudaCompileDeps:
         D:\Program Files (x86)\Microsoft Visual Studio 12.0\VC\bin\cl.exe /E /nologo /showIncludes /TP /D__CUDACC__ /DWIN32 /D_DEBUG /D_CONSOLE /D_MBCS /I"D:\Program Files\include" /I"D:\Program Files\bin" /I"D:\Program Files\include" /I. /FIcuda_runtime.h /c "D:\My Documents\Visual Studio 2013\Projects\BlazingDB\BlazingDB\kernels.cu" 
       AddCudaCompileDeps:
         D:\Program Files (x86)\Microsoft Visual Studio 12.0\VC\bin\cl.exe /E /nologo /showIncludes /TP /D__CUDACC__ /DWIN32 /D_DEBUG /D_CONSOLE /D_MBCS /I"D:\Program Files\include" /I"D:\Program Files\bin" /I"D:\Program Files\include" /I. /FIcuda_runtime.h /c "D:\My Documents\Visual Studio 2013\Projects\BlazingDB\BlazingDB\LatticeBoltzmannExample.cu" 
       AddCudaCompileDeps:
         D:\Program Files (x86)\Microsoft Visual Studio 12.0\VC\bin\cl.exe /E /nologo /showIncludes /TP /D__CUDACC__ /DWIN32 /D_DEBUG /D_CONSOLE /D_MBCS /I"D:\Program Files\include" /I"D:\Program Files\bin" /I"D:\Program Files\include" /I. /FIcuda_runtime.h /c "D:\My Documents\Visual Studio 2013\Projects\BlazingDB\BlazingDB\main.cpp" 
       CudaBuild:
         Compiling CUDA source file kernels.cu...
         cmd.exe /C "D:\TEMP\tmpd549199348ab48b8b0949a16bd8b0172.cmd"
         "D:\Program Files\bin\nvcc.exe" -gencode=arch=compute_20,code=\"sm_20,compute_20\" --use-local-env --cl-version 2013 -ccbin "D:\Program Files (x86)\Microsoft Visual Studio 12.0\VC\bin"  -I"D:\Program Files\include" -I"D:\Program Files\include"  -G   --keep-dir Debug -maxrregcount=0  --machine 32 --compile -cudart static  -g   -DWIN32 -D_DEBUG -D_CONSOLE -D_MBCS -Xcompiler "/EHsc /W3 /nologo /Od /Zi /RTC1 /MDd  " -o Debug\kernels.cu.obj "D:\My Documents\Visual Studio 2013\Projects\BlazingDB\BlazingDB\kernels.cu"
         
         D:\My Documents\Visual Studio 2013\Projects\BlazingDB\BlazingDB>"D:\Program Files\bin\nvcc.exe" -gencode=arch=compute_20,code=\"sm_20,compute_20\" --use-local-env --cl-version 2013 -ccbin "D:\Program Files (x86)\Microsoft Visual Studio 12.0\VC\bin"  -I"D:\Program Files\include" -I"D:\Program Files\include"  -G   --keep-dir Debug -maxrregcount=0  --machine 32 --compile -cudart static  -g   -DWIN32 -D_DEBUG -D_CONSOLE -D_MBCS -Xcompiler "/EHsc /W3 /nologo /Od /Zi /RTC1 /MDd  " -o Debug\kernels.cu.obj "D:\My Documents\Visual Studio 2013\Projects\BlazingDB\BlazingDB\kernels.cu" 
     1>D:/My Documents/Visual Studio 2013/Projects/BlazingDB/BlazingDB/kernels.cu(9): error : identifier "vz" is undefined
     1>D:/My Documents/Visual Studio 2013/Projects/BlazingDB/BlazingDB/kernels.cu(35): error : identifier "real" is undefined
     1>D:/My Documents/Visual Studio 2013/Projects/BlazingDB/BlazingDB/kernels.cu(36): error : identifier "real" is undefined
     1>D:/My Documents/Visual Studio 2013/Projects/BlazingDB/BlazingDB/kernels.cu(44): warning : variable "x" was declared but never referenced
     1>D:/My Documents/Visual Studio 2013/Projects/BlazingDB/BlazingDB/kernels.cu(45): warning : variable "y" was declared but never referenced
         kernels.cu
     1>C:\Program Files (x86)\MSBuild\Microsoft.Cpp\v4.0\V120\BuildCustomizations\CUDA 7.0.targets(593,9): error MSB3721: The command ""D:\Program Files\bin\nvcc.exe" -gencode=arch=compute_20,code=\"sm_20,compute_20\" --use-local-env --cl-version 2013 -ccbin "D:\Program Files (x86)\Microsoft Visual Studio 12.0\VC\bin"  -I"D:\Program Files\include" -I"D:\Program Files\include"  -G   --keep-dir Debug -maxrregcount=0  --machine 32 --compile -cudart static  -g   -DWIN32 -D_DEBUG -D_CONSOLE -D_MBCS -Xcompiler "/EHsc /W3 /nologo /Od /Zi /RTC1 /MDd  " -o Debug\kernels.cu.obj "D:\My Documents\Visual Studio 2013\Projects\BlazingDB\BlazingDB\kernels.cu"" exited with code 2.
     1>Done Building Project "D:\My Documents\Visual Studio 2013\Projects\BlazingDB\BlazingDB\BlazingDB.vcxproj" (Build target(s)) -- FAILED.

Build FAILED.

Time Elapsed 00:00:10.12
